<?xml version="1.0" encoding="UTF-8"?>
<testsuite xmlns:xsi="http://www.w3.org/2001/XMLSchema-instance" xsi:noNamespaceSchemaLocation="https://maven.apache.org/surefire/maven-surefire-plugin/xsd/surefire-test-report.xsd" name="no.kristiania.httpserver.HttpServerTest" time="0.154" tests="7" errors="0" skipped="0" failures="0">
  <properties>
    <property name="gopherProxySet" value="false"/>
    <property name="awt.toolkit" value="sun.lwawt.macosx.LWCToolkit"/>
    <property name="java.specification.version" value="11"/>
    <property name="sun.cpu.isalist" value=""/>
    <property name="sun.jnu.encoding" value="UTF-8"/>
    <property name="java.class.path" value="/Users/ajevn/Skole/3. Semester/PGR203 - Avansert Java/Arbeidskrav 3 - Innlevering/target/test-classes:/Users/ajevn/Skole/3. Semester/PGR203 - Avansert Java/Arbeidskrav 3 - Innlevering/target/classes:/Users/ajevn/.m2/repository/org/postgresql/postgresql/42.2.16/postgresql-42.2.16.jar:/Users/ajevn/.m2/repository/org/checkerframework/checker-qual/3.5.0/checker-qual-3.5.0.jar:/Users/ajevn/.m2/repository/org/junit/jupiter/junit-jupiter/5.6.2/junit-jupiter-5.6.2.jar:/Users/ajevn/.m2/repository/org/junit/jupiter/junit-jupiter-api/5.6.2/junit-jupiter-api-5.6.2.jar:/Users/ajevn/.m2/repository/org/apiguardian/apiguardian-api/1.1.0/apiguardian-api-1.1.0.jar:/Users/ajevn/.m2/repository/org/opentest4j/opentest4j/1.2.0/opentest4j-1.2.0.jar:/Users/ajevn/.m2/repository/org/junit/platform/junit-platform-commons/1.6.2/junit-platform-commons-1.6.2.jar:/Users/ajevn/.m2/repository/org/junit/jupiter/junit-jupiter-params/5.6.2/junit-jupiter-params-5.6.2.jar:/Users/ajevn/.m2/repository/org/junit/jupiter/junit-jupiter-engine/5.6.2/junit-jupiter-engine-5.6.2.jar:/Users/ajevn/.m2/repository/org/junit/platform/junit-platform-engine/1.6.2/junit-platform-engine-1.6.2.jar:/Users/ajevn/.m2/repository/com/h2database/h2/1.4.200/h2-1.4.200.jar:/Users/ajevn/.m2/repository/org/assertj/assertj-core/3.17.2/assertj-core-3.17.2.jar:/Users/ajevn/.m2/repository/org/flywaydb/flyway-core/7.0.0/flyway-core-7.0.0.jar:/Users/ajevn/.m2/repository/software/amazon/awssdk/s3/2.10.56/s3-2.10.56.jar:/Users/ajevn/.m2/repository/software/amazon/awssdk/aws-xml-protocol/2.10.56/aws-xml-protocol-2.10.56.jar:/Users/ajevn/.m2/repository/software/amazon/awssdk/aws-query-protocol/2.10.56/aws-query-protocol-2.10.56.jar:/Users/ajevn/.m2/repository/software/amazon/awssdk/protocol-core/2.10.56/protocol-core-2.10.56.jar:/Users/ajevn/.m2/repository/software/amazon/awssdk/arns/2.10.56/arns-2.10.56.jar:/Users/ajevn/.m2/repository/software/amazon/awssdk/profiles/2.10.56/profiles-2.10.56.jar:/Users/ajevn/.m2/repository/software/amazon/awssdk/sdk-core/2.10.56/sdk-core-2.10.56.jar:/Users/ajevn/.m2/repository/com/fasterxml/jackson/core/jackson-core/2.10.0/jackson-core-2.10.0.jar:/Users/ajevn/.m2/repository/com/fasterxml/jackson/core/jackson-databind/2.10.0/jackson-databind-2.10.0.jar:/Users/ajevn/.m2/repository/org/reactivestreams/reactive-streams/1.0.2/reactive-streams-1.0.2.jar:/Users/ajevn/.m2/repository/software/amazon/awssdk/auth/2.10.56/auth-2.10.56.jar:/Users/ajevn/.m2/repository/software/amazon/eventstream/eventstream/1.0.1/eventstream-1.0.1.jar:/Users/ajevn/.m2/repository/software/amazon/awssdk/http-client-spi/2.10.56/http-client-spi-2.10.56.jar:/Users/ajevn/.m2/repository/software/amazon/awssdk/regions/2.10.56/regions-2.10.56.jar:/Users/ajevn/.m2/repository/com/fasterxml/jackson/core/jackson-annotations/2.9.0/jackson-annotations-2.9.0.jar:/Users/ajevn/.m2/repository/software/amazon/awssdk/annotations/2.10.56/annotations-2.10.56.jar:/Users/ajevn/.m2/repository/software/amazon/awssdk/utils/2.10.56/utils-2.10.56.jar:/Users/ajevn/.m2/repository/software/amazon/awssdk/aws-core/2.10.56/aws-core-2.10.56.jar:/Users/ajevn/.m2/repository/software/amazon/awssdk/apache-client/2.10.56/apache-client-2.10.56.jar:/Users/ajevn/.m2/repository/org/apache/httpcomponents/httpclient/4.5.9/httpclient-4.5.9.jar:/Users/ajevn/.m2/repository/commons-logging/commons-logging/1.2/commons-logging-1.2.jar:/Users/ajevn/.m2/repository/commons-codec/commons-codec/1.11/commons-codec-1.11.jar:/Users/ajevn/.m2/repository/org/apache/httpcomponents/httpcore/4.4.11/httpcore-4.4.11.jar:/Users/ajevn/.m2/repository/software/amazon/awssdk/netty-nio-client/2.10.56/netty-nio-client-2.10.56.jar:/Users/ajevn/.m2/repository/io/netty/netty-codec-http/4.1.42.Final/netty-codec-http-4.1.42.Final.jar:/Users/ajevn/.m2/repository/io/netty/netty-codec-http2/4.1.42.Final/netty-codec-http2-4.1.42.Final.jar:/Users/ajevn/.m2/repository/io/netty/netty-codec/4.1.42.Final/netty-codec-4.1.42.Final.jar:/Users/ajevn/.m2/repository/io/netty/netty-transport/4.1.42.Final/netty-transport-4.1.42.Final.jar:/Users/ajevn/.m2/repository/io/netty/netty-resolver/4.1.42.Final/netty-resolver-4.1.42.Final.jar:/Users/ajevn/.m2/repository/io/netty/netty-common/4.1.42.Final/netty-common-4.1.42.Final.jar:/Users/ajevn/.m2/repository/io/netty/netty-buffer/4.1.42.Final/netty-buffer-4.1.42.Final.jar:/Users/ajevn/.m2/repository/io/netty/netty-handler/4.1.42.Final/netty-handler-4.1.42.Final.jar:/Users/ajevn/.m2/repository/io/netty/netty-transport-native-epoll/4.1.42.Final/netty-transport-native-epoll-4.1.42.Final-linux-x86_64.jar:/Users/ajevn/.m2/repository/io/netty/netty-transport-native-unix-common/4.1.42.Final/netty-transport-native-unix-common-4.1.42.Final.jar:/Users/ajevn/.m2/repository/com/typesafe/netty/netty-reactive-streams-http/2.0.4/netty-reactive-streams-http-2.0.4.jar:/Users/ajevn/.m2/repository/com/typesafe/netty/netty-reactive-streams/2.0.4/netty-reactive-streams-2.0.4.jar:/Users/ajevn/.m2/repository/org/logevents/logevents/0.1.34/logevents-0.1.34.jar:/Users/ajevn/.m2/repository/org/slf4j/slf4j-api/1.8.0-beta2/slf4j-api-1.8.0-beta2.jar:"/>
    <property name="java.vm.vendor" value="Amazon.com Inc."/>
    <property name="sun.arch.data.model" value="64"/>
    <property name="java.vendor.url" value="https://aws.amazon.com/corretto/"/>
    <property name="user.timezone" value=""/>
    <property name="java.vm.specification.version" value="11"/>
    <property name="os.name" value="Mac OS X"/>
    <property name="sun.java.launcher" value="SUN_STANDARD"/>
    <property name="user.country" value="NO"/>
    <property name="sun.boot.library.path" value="/Library/Java/JavaVirtualMachines/amazon-corretto-11.jdk/Contents/Home/lib"/>
    <property name="sun.java.command" value="/Users/ajevn/Skole/3. Semester/PGR203 - Avansert Java/Arbeidskrav 3 - Innlevering/target/surefire/surefirebooter9300212056137961520.jar /Users/ajevn/Skole/3. Semester/PGR203 - Avansert Java/Arbeidskrav 3 - Innlevering/target/surefire 2020-10-14T13-28-08_419-jvmRun1 surefire12194684292088147522tmp surefire_012705383565464326018tmp"/>
    <property name="http.nonProxyHosts" value="local|*.local|169.254/16|*.169.254/16"/>
    <property name="jdk.debug" value="release"/>
    <property name="surefire.test.class.path" value="/Users/ajevn/Skole/3. Semester/PGR203 - Avansert Java/Arbeidskrav 3 - Innlevering/target/test-classes:/Users/ajevn/Skole/3. Semester/PGR203 - Avansert Java/Arbeidskrav 3 - Innlevering/target/classes:/Users/ajevn/.m2/repository/org/postgresql/postgresql/42.2.16/postgresql-42.2.16.jar:/Users/ajevn/.m2/repository/org/checkerframework/checker-qual/3.5.0/checker-qual-3.5.0.jar:/Users/ajevn/.m2/repository/org/junit/jupiter/junit-jupiter/5.6.2/junit-jupiter-5.6.2.jar:/Users/ajevn/.m2/repository/org/junit/jupiter/junit-jupiter-api/5.6.2/junit-jupiter-api-5.6.2.jar:/Users/ajevn/.m2/repository/org/apiguardian/apiguardian-api/1.1.0/apiguardian-api-1.1.0.jar:/Users/ajevn/.m2/repository/org/opentest4j/opentest4j/1.2.0/opentest4j-1.2.0.jar:/Users/ajevn/.m2/repository/org/junit/platform/junit-platform-commons/1.6.2/junit-platform-commons-1.6.2.jar:/Users/ajevn/.m2/repository/org/junit/jupiter/junit-jupiter-params/5.6.2/junit-jupiter-params-5.6.2.jar:/Users/ajevn/.m2/repository/org/junit/jupiter/junit-jupiter-engine/5.6.2/junit-jupiter-engine-5.6.2.jar:/Users/ajevn/.m2/repository/org/junit/platform/junit-platform-engine/1.6.2/junit-platform-engine-1.6.2.jar:/Users/ajevn/.m2/repository/com/h2database/h2/1.4.200/h2-1.4.200.jar:/Users/ajevn/.m2/repository/org/assertj/assertj-core/3.17.2/assertj-core-3.17.2.jar:/Users/ajevn/.m2/repository/org/flywaydb/flyway-core/7.0.0/flyway-core-7.0.0.jar:/Users/ajevn/.m2/repository/software/amazon/awssdk/s3/2.10.56/s3-2.10.56.jar:/Users/ajevn/.m2/repository/software/amazon/awssdk/aws-xml-protocol/2.10.56/aws-xml-protocol-2.10.56.jar:/Users/ajevn/.m2/repository/software/amazon/awssdk/aws-query-protocol/2.10.56/aws-query-protocol-2.10.56.jar:/Users/ajevn/.m2/repository/software/amazon/awssdk/protocol-core/2.10.56/protocol-core-2.10.56.jar:/Users/ajevn/.m2/repository/software/amazon/awssdk/arns/2.10.56/arns-2.10.56.jar:/Users/ajevn/.m2/repository/software/amazon/awssdk/profiles/2.10.56/profiles-2.10.56.jar:/Users/ajevn/.m2/repository/software/amazon/awssdk/sdk-core/2.10.56/sdk-core-2.10.56.jar:/Users/ajevn/.m2/repository/com/fasterxml/jackson/core/jackson-core/2.10.0/jackson-core-2.10.0.jar:/Users/ajevn/.m2/repository/com/fasterxml/jackson/core/jackson-databind/2.10.0/jackson-databind-2.10.0.jar:/Users/ajevn/.m2/repository/org/reactivestreams/reactive-streams/1.0.2/reactive-streams-1.0.2.jar:/Users/ajevn/.m2/repository/software/amazon/awssdk/auth/2.10.56/auth-2.10.56.jar:/Users/ajevn/.m2/repository/software/amazon/eventstream/eventstream/1.0.1/eventstream-1.0.1.jar:/Users/ajevn/.m2/repository/software/amazon/awssdk/http-client-spi/2.10.56/http-client-spi-2.10.56.jar:/Users/ajevn/.m2/repository/software/amazon/awssdk/regions/2.10.56/regions-2.10.56.jar:/Users/ajevn/.m2/repository/com/fasterxml/jackson/core/jackson-annotations/2.9.0/jackson-annotations-2.9.0.jar:/Users/ajevn/.m2/repository/software/amazon/awssdk/annotations/2.10.56/annotations-2.10.56.jar:/Users/ajevn/.m2/repository/software/amazon/awssdk/utils/2.10.56/utils-2.10.56.jar:/Users/ajevn/.m2/repository/software/amazon/awssdk/aws-core/2.10.56/aws-core-2.10.56.jar:/Users/ajevn/.m2/repository/software/amazon/awssdk/apache-client/2.10.56/apache-client-2.10.56.jar:/Users/ajevn/.m2/repository/org/apache/httpcomponents/httpclient/4.5.9/httpclient-4.5.9.jar:/Users/ajevn/.m2/repository/commons-logging/commons-logging/1.2/commons-logging-1.2.jar:/Users/ajevn/.m2/repository/commons-codec/commons-codec/1.11/commons-codec-1.11.jar:/Users/ajevn/.m2/repository/org/apache/httpcomponents/httpcore/4.4.11/httpcore-4.4.11.jar:/Users/ajevn/.m2/repository/software/amazon/awssdk/netty-nio-client/2.10.56/netty-nio-client-2.10.56.jar:/Users/ajevn/.m2/repository/io/netty/netty-codec-http/4.1.42.Final/netty-codec-http-4.1.42.Final.jar:/Users/ajevn/.m2/repository/io/netty/netty-codec-http2/4.1.42.Final/netty-codec-http2-4.1.42.Final.jar:/Users/ajevn/.m2/repository/io/netty/netty-codec/4.1.42.Final/netty-codec-4.1.42.Final.jar:/Users/ajevn/.m2/repository/io/netty/netty-transport/4.1.42.Final/netty-transport-4.1.42.Final.jar:/Users/ajevn/.m2/repository/io/netty/netty-resolver/4.1.42.Final/netty-resolver-4.1.42.Final.jar:/Users/ajevn/.m2/repository/io/netty/netty-common/4.1.42.Final/netty-common-4.1.42.Final.jar:/Users/ajevn/.m2/repository/io/netty/netty-buffer/4.1.42.Final/netty-buffer-4.1.42.Final.jar:/Users/ajevn/.m2/repository/io/netty/netty-handler/4.1.42.Final/netty-handler-4.1.42.Final.jar:/Users/ajevn/.m2/repository/io/netty/netty-transport-native-epoll/4.1.42.Final/netty-transport-native-epoll-4.1.42.Final-linux-x86_64.jar:/Users/ajevn/.m2/repository/io/netty/netty-transport-native-unix-common/4.1.42.Final/netty-transport-native-unix-common-4.1.42.Final.jar:/Users/ajevn/.m2/repository/com/typesafe/netty/netty-reactive-streams-http/2.0.4/netty-reactive-streams-http-2.0.4.jar:/Users/ajevn/.m2/repository/com/typesafe/netty/netty-reactive-streams/2.0.4/netty-reactive-streams-2.0.4.jar:/Users/ajevn/.m2/repository/org/logevents/logevents/0.1.34/logevents-0.1.34.jar:/Users/ajevn/.m2/repository/org/slf4j/slf4j-api/1.8.0-beta2/slf4j-api-1.8.0-beta2.jar:"/>
    <property name="sun.cpu.endian" value="little"/>
    <property name="user.home" value="/Users/ajevn"/>
    <property name="user.language" value="nb"/>
    <property name="java.specification.vendor" value="Oracle Corporation"/>
    <property name="java.version.date" value="2020-04-14"/>
    <property name="java.home" value="/Library/Java/JavaVirtualMachines/amazon-corretto-11.jdk/Contents/Home"/>
    <property name="file.separator" value="/"/>
    <property name="basedir" value="/Users/ajevn/Skole/3. Semester/PGR203 - Avansert Java/Arbeidskrav 3 - Innlevering"/>
    <property name="java.vm.compressedOopsMode" value="Zero based"/>
    <property name="line.separator" value="&#10;"/>
    <property name="java.specification.name" value="Java Platform API Specification"/>
    <property name="java.vm.specification.vendor" value="Oracle Corporation"/>
    <property name="java.awt.graphicsenv" value="sun.awt.CGraphicsEnvironment"/>
    <property name="surefire.real.class.path" value="/Users/ajevn/Skole/3. Semester/PGR203 - Avansert Java/Arbeidskrav 3 - Innlevering/target/surefire/surefirebooter9300212056137961520.jar"/>
    <property name="sun.management.compiler" value="HotSpot 64-Bit Tiered Compilers"/>
    <property name="ftp.nonProxyHosts" value="local|*.local|169.254/16|*.169.254/16"/>
    <property name="java.runtime.version" value="11.0.7+10-LTS"/>
    <property name="user.name" value="ajevn"/>
    <property name="path.separator" value=":"/>
    <property name="os.version" value="10.15.7"/>
    <property name="java.runtime.name" value="OpenJDK Runtime Environment"/>
    <property name="file.encoding" value="US-ASCII"/>
    <property name="java.vm.name" value="OpenJDK 64-Bit Server VM"/>
    <property name="java.vendor.version" value="Corretto-11.0.7.10.1"/>
    <property name="localRepository" value="/Users/ajevn/.m2/repository"/>
    <property name="java.vendor.url.bug" value="https://github.com/corretto/corretto-11/issues/"/>
    <property name="java.io.tmpdir" value="/var/folders/18/qtjnrw495lb4xvvndmrs4qpr0000gn/T/"/>
    <property name="idea.version" value="2020.2"/>
    <property name="java.version" value="11.0.7"/>
    <property name="user.dir" value="/Users/ajevn/Skole/3. Semester/PGR203 - Avansert Java/Arbeidskrav 3 - Innlevering"/>
    <property name="os.arch" value="x86_64"/>
    <property name="java.vm.specification.name" value="Java Virtual Machine Specification"/>
    <property name="java.awt.printerjob" value="sun.lwawt.macosx.CPrinterJob"/>
    <property name="sun.os.patch.level" value="unknown"/>
    <property name="java.library.path" value="/Users/ajevn/Library/Java/Extensions:/Library/Java/Extensions:/Network/Library/Java/Extensions:/System/Library/Java/Extensions:/usr/lib/java:."/>
    <property name="java.vendor" value="Amazon.com Inc."/>
    <property name="java.vm.info" value="mixed mode"/>
    <property name="java.vm.version" value="11.0.7+10-LTS"/>
    <property name="sun.io.unicode.encoding" value="UnicodeBig"/>
    <property name="java.class.version" value="55.0"/>
    <property name="socksNonProxyHosts" value="local|*.local|169.254/16|*.169.254/16"/>
  </properties>
  <testcase name="shouldReturnUnsuccessfulStatusCode" classname="no.kristiania.httpserver.HttpServerTest" time="0.08"/>
  <testcase name="shouldReturnResponseBody" classname="no.kristiania.httpserver.HttpServerTest" time="0.002"/>
  <testcase name="shouldReturnSuccessfulStatusCode" classname="no.kristiania.httpserver.HttpServerTest" time="0.002"/>
  <testcase name="shouldReturnFileFromDisk" classname="no.kristiania.httpserver.HttpServerTest" time="0.044"/>
  <testcase name="shouldReturn404IfFileNotFound" classname="no.kristiania.httpserver.HttpServerTest" time="0.009"/>
  <testcase name="shouldReturnCorrectContentType" classname="no.kristiania.httpserver.HttpServerTest" time="0.003"/>
  <testcase name="shouldReturnContentLength" classname="no.kristiania.httpserver.HttpServerTest" time="0.002"/>
</testsuite>